TN:
SF:src/ceil.js
FNF:0
FNH:0
DA:1,1
DA:2,1
DA:3,1
DA:4,1
DA:5,1
DA:6,1
DA:7,1
DA:8,1
DA:9,1
DA:10,1
DA:11,1
DA:12,1
DA:13,1
DA:14,1
DA:15,1
DA:16,1
DA:17,1
DA:18,1
DA:19,1
DA:20,1
DA:21,1
DA:22,1
DA:23,1
DA:24,1
LF:24
LH:24
BRDA:1,0,0,1
BRF:1
BRH:1
end_of_record
TN:
SF:src/clamp.js
FN:18,clamp
FNF:1
FNH:1
FNDA:8,clamp
DA:1,1
DA:2,1
DA:3,1
DA:4,1
DA:5,1
DA:6,1
DA:7,1
DA:8,1
DA:9,1
DA:10,1
DA:11,1
DA:12,1
DA:13,1
DA:14,1
DA:15,1
DA:16,1
DA:17,1
DA:18,8
DA:19,8
DA:20,8
DA:21,8
DA:22,8
DA:23,8
DA:24,8
DA:25,7
DA:26,7
DA:27,7
DA:28,8
DA:29,8
DA:30,1
DA:31,1
LF:31
LH:31
BRDA:1,0,0,1
BRDA:18,1,0,8
BRDA:22,2,0,7
BRDA:22,3,0,1
BRDA:23,4,0,7
BRDA:23,5,0,1
BRDA:24,6,0,7
BRDA:25,7,0,4
BRDA:25,8,0,3
BRDA:26,9,0,1
BRDA:26,10,0,6
BRF:11
BRH:11
end_of_record
TN:
SF:src/slice.js
FN:21,slice
FNF:1
FNH:1
FNDA:8,slice
DA:1,1
DA:2,1
DA:3,1
DA:4,1
DA:5,1
DA:6,1
DA:7,1
DA:8,1
DA:9,1
DA:10,1
DA:11,1
DA:12,1
DA:13,1
DA:14,1
DA:15,1
DA:16,1
DA:17,1
DA:18,1
DA:19,1
DA:20,1
DA:21,8
DA:22,8
DA:23,8
DA:24,1
DA:25,1
DA:26,8
DA:27,8
DA:28,8
DA:29,8
DA:30,1
DA:31,1
DA:32,8
DA:33,2
DA:34,2
DA:35,8
DA:36,8
DA:37,8
DA:38,8
DA:39,8
DA:40,8
DA:41,14
DA:42,14
DA:43,7
DA:44,8
DA:45,1
DA:46,1
LF:46
LH:46
BRDA:1,0,0,1
BRDA:21,1,0,8
BRDA:22,2,0,0
BRDA:23,3,0,1
BRDA:26,4,0,7
BRDA:26,5,0,0
BRDA:26,6,0,7
BRDA:27,7,0,3
BRDA:27,8,0,4
BRDA:29,9,0,1
BRDA:30,10,0,0
BRDA:32,11,0,7
BRDA:32,12,0,2
BRDA:35,13,0,7
BRDA:35,14,0,2
BRDA:35,15,0,5
BRDA:40,16,0,14
BRDA:43,17,0,7
BRF:18
BRH:15
end_of_record
TN:
SF:src/upperFirst.js
FNF:0
FNH:0
DA:1,1
DA:2,1
DA:3,1
DA:4,1
DA:5,1
DA:6,1
DA:7,1
DA:8,1
DA:9,1
DA:10,1
DA:11,1
DA:12,1
DA:13,1
DA:14,1
DA:15,1
DA:16,1
DA:17,1
DA:18,1
DA:19,1
DA:20,1
DA:21,1
LF:21
LH:21
BRDA:1,0,0,1
BRF:1
BRH:1
end_of_record
