TN:
SF:clamp.js
FN:18,clamp
FNF:1
FNH:1
FNDA:8,clamp
DA:1,1
DA:2,1
DA:3,1
DA:4,1
DA:5,1
DA:6,1
DA:7,1
DA:8,1
DA:9,1
DA:10,1
DA:11,1
DA:12,1
DA:13,1
DA:14,1
DA:15,1
DA:16,1
DA:17,1
DA:18,8
DA:19,8
DA:20,8
DA:21,8
DA:22,8
DA:23,8
DA:24,8
DA:25,7
DA:26,7
DA:27,7
DA:28,8
DA:29,8
DA:30,1
DA:31,1
LF:31
LH:31
BRDA:1,0,0,1
BRDA:18,1,0,8
BRDA:22,2,0,7
BRDA:22,3,0,1
BRDA:23,4,0,7
BRDA:23,5,0,1
BRDA:24,6,0,7
BRDA:25,7,0,4
BRDA:25,8,0,3
BRDA:26,9,0,1
BRDA:26,10,0,6
BRF:11
BRH:11
end_of_record
TN:
SF:sum.js
FN:8,sum
FNF:1
FNH:1
FNDA:7,sum
DA:1,1
DA:2,1
DA:3,1
DA:4,1
DA:5,1
DA:6,1
DA:7,1
DA:8,7
DA:9,7
DA:10,2
DA:11,7
DA:12,5
DA:13,5
DA:14,7
DA:15,1
DA:16,1
LF:16
LH:16
BRDA:1,0,0,1
BRDA:8,1,0,7
BRDA:9,2,0,6
BRDA:9,3,0,2
BRDA:11,4,0,5
BRF:5
BRH:5
end_of_record
